Arguments: 
  /usr/bin/node /usr/bin/yarn add slick-carousel

PATH: 
  /usr/local/sbin:/usr/local/bin:/usr/sbin:/usr/bin:/sbin:/bin:/usr/games:/usr/local/games:/snap/bin

Yarn version: 
  1.13.0

Node version: 
  11.12.0

Platform: 
  linux x64

Trace: 
  Error: EACCES: permission denied, unlink '/home/meerim/Templates/diploma_project/group_project/node_modules/array-differ/index.js'

npm manifest: 
  {
    "name": "final_project_pa",
    "version": "1.0.0",
    "description": "",
    "main": "index.js",
    "scripts": {
      "test": "echo \"Error: no test specified\" && exit 1"
    },
    "repository": {
      "type": "git",
      "url": "git+https://github.com/anat2906/final_project_PA.git"
    },
    "author": "",
    "license": "ISC",
    "bugs": {
      "url": "https://github.com/anat2906/final_project_PA/issues"
    },
    "homepage": "https://github.com/anat2906/final_project_PA#readme",
    "dependencies": {
      "bootstrap": "^4.3.1",
      "gulp": "^4.0.0",
      "gulp-sass": "^4.0.2",
      "gulp-util": "^3.0.8",
      "jquery": "^3.3.1"
    }
  }

yarn manifest: 
  No manifest

Lockfile: 
  No lockfile
